# JRE version: OpenJDK Runtime Environment (8.0_212-b04) (build 1.8.0_212-release-1586-b04)
# Java VM: OpenJDK 64-Bit Server VM (25.212-b04 mixed mode windows-amd64 compressed oops)
Heap:
 PSYoungGen      total 117760K, used 17178K [0x00000000e0000000, 0x00000000ea500000, 0x0000000100000000)
  eden space 105984K, 16% used [0x00000000e0000000,0x00000000e10c6888,0x00000000e6780000)
  from space 11776K, 0% used [0x00000000e6780000,0x00000000e6780000,0x00000000e7300000)
  to   space 12288K, 0% used [0x00000000e9900000,0x00000000e9900000,0x00000000ea500000)
 ParOldGen       total 59904K, used 17108K [0x00000000a0000000, 0x00000000a3a80000, 0x00000000e0000000)
  object space 59904K, 28% used [0x00000000a0000000,0x00000000a10b5238,0x00000000a3a80000)
 Metaspace       used 35891K, capacity 36775K, committed 36992K, reserved 1081344K
  class space    used 4919K, capacity 5149K, committed 5248K, reserved 1048576K
GC Heap History (10 events):
Event: 3.117 GC heap before
{Heap before GC invocations=7 (full 1):
 PSYoungGen      total 76800K, used 8662K [0x00000000e0000000, 0x00000000e5700000, 0x0000000100000000)
  eden space 66048K, 0% used [0x00000000e0000000,0x00000000e0000000,0x00000000e4080000)
  from space 10752K, 80% used [0x00000000e4b80000,0x00000000e53f59a0,0x00000000e5600000)
  to   space 11264K, 0% used [0x00000000e4080000,0x00000000e4080000,0x00000000e4b80000)
 ParOldGen       total 87552K, used 7416K [0x00000000a0000000, 0x00000000a5580000, 0x00000000e0000000)
  object space 87552K, 8% used [0x00000000a0000000,0x00000000a073e3a8,0x00000000a5580000)
 Metaspace       used 20661K, capacity 21202K, committed 21296K, reserved 1067008K
  class space    used 2978K, capacity 3161K, committed 3200K, reserved 1048576K
Event: 3.157 GC heap after
Heap after GC invocations=7 (full 1):
 PSYoungGen      total 76800K, used 0K [0x00000000e0000000, 0x00000000e5700000, 0x0000000100000000)
  eden space 66048K, 0% used [0x00000000e0000000,0x00000000e0000000,0x00000000e4080000)
  from space 10752K, 0% used [0x00000000e4b80000,0x00000000e4b80000,0x00000000e5600000)
  to   space 11264K, 0% used [0x00000000e4080000,0x00000000e4080000,0x00000000e4b80000)
 ParOldGen       total 59904K, used 9402K [0x00000000a0000000, 0x00000000a3a80000, 0x00000000e0000000)
  object space 59904K, 15% used [0x00000000a0000000,0x00000000a092e9e0,0x00000000a3a80000)
 Metaspace       used 20661K, capacity 21202K, committed 21296K, reserved 1067008K
  class space    used 2978K, capacity 3161K, committed 3200K, reserved 1048576K
}
Event: 4.046 GC heap before
{Heap before GC invocations=8 (full 1):
 PSYoungGen      total 76800K, used 66048K [0x00000000e0000000, 0x00000000e5700000, 0x0000000100000000)
  eden space 66048K, 100% used [0x00000000e0000000,0x00000000e4080000,0x00000000e4080000)
  from space 10752K, 0% used [0x00000000e4b80000,0x00000000e4b80000,0x00000000e5600000)
  to   space 11264K, 0% used [0x00000000e4080000,0x00000000e4080000,0x00000000e4b80000)
 ParOldGen       total 59904K, used 9402K [0x00000000a0000000, 0x00000000a3a80000, 0x00000000e0000000)
  object space 59904K, 15% used [0x00000000a0000000,0x00000000a092e9e0,0x00000000a3a80000)
 Metaspace       used 29030K, capacity 29564K, committed 29696K, reserved 1075200K
  class space    used 3907K, capacity 4067K, committed 4096K, reserved 1048576K
Event: 4.062 GC heap after
Heap after GC invocations=8 (full 1):
 PSYoungGen      total 77312K, used 7984K [0x00000000e0000000, 0x00000000e7e00000, 0x0000000100000000)
  eden space 66048K, 0% used [0x00000000e0000000,0x00000000e0000000,0x00000000e4080000)
  from space 11264K, 70% used [0x00000000e4080000,0x00000000e484c030,0x00000000e4b80000)
  to   space 11264K, 0% used [0x00000000e7300000,0x00000000e7300000,0x00000000e7e00000)
 ParOldGen       total 59904K, used 9410K [0x00000000a0000000, 0x00000000a3a80000, 0x00000000e0000000)
  object space 59904K, 15% used [0x00000000a0000000,0x00000000a09309e0,0x00000000a3a80000)
 Metaspace       used 29030K, capacity 29564K, committed 29696K, reserved 1075200K
  class space    used 3907K, capacity 4067K, committed 4096K, reserved 1048576K
}
Event: 4.841 GC heap before
{Heap before GC invocations=9 (full 1):
 PSYoungGen      total 77312K, used 74032K [0x00000000e0000000, 0x00000000e7e00000, 0x0000000100000000)
  eden space 66048K, 100% used [0x00000000e0000000,0x00000000e4080000,0x00000000e4080000)
  from space 11264K, 70% used [0x00000000e4080000,0x00000000e484c030,0x00000000e4b80000)
  to   space 11264K, 0% used [0x00000000e7300000,0x00000000e7300000,0x00000000e7e00000)
 ParOldGen       total 59904K, used 9410K [0x00000000a0000000, 0x00000000a3a80000, 0x00000000e0000000)
  object space 59904K, 15% used [0x00000000a0000000,0x00000000a09309e0,0x00000000a3a80000)
 Metaspace       used 32004K, capacity 32532K, committed 32768K, reserved 1077248K
  class space    used 4383K, capacity 4587K, committed 4608K, reserved 1048576K
Event: 4.854 GC heap after
Heap after GC invocations=9 (full 1):
 PSYoungGen      total 117248K, used 8383K [0x00000000e0000000, 0x00000000e7e80000, 0x0000000100000000)
  eden space 105984K, 0% used [0x00000000e0000000,0x00000000e0000000,0x00000000e6780000)
  from space 11264K, 74% used [0x00000000e7300000,0x00000000e7b2fc48,0x00000000e7e00000)
  to   space 11776K, 0% used [0x00000000e6780000,0x00000000e6780000,0x00000000e7300000)
 ParOldGen       total 59904K, used 9418K [0x00000000a0000000, 0x00000000a3a80000, 0x00000000e0000000)
  object space 59904K, 15% used [0x00000000a0000000,0x00000000a09329e0,0x00000000a3a80000)
 Metaspace       used 32004K, capacity 32532K, committed 32768K, reserved 1077248K
  class space    used 4383K, capacity 4587K, committed 4608K, reserved 1048576K
}
Event: 5.590 GC heap before
{Heap before GC invocations=10 (full 1):
 PSYoungGen      total 117248K, used 68278K [0x00000000e0000000, 0x00000000e7e80000, 0x0000000100000000)
  eden space 105984K, 56% used [0x00000000e0000000,0x00000000e3a7ddf8,0x00000000e6780000)
  from space 11264K, 74% used [0x00000000e7300000,0x00000000e7b2fc48,0x00000000e7e00000)
  to   space 11776K, 0% used [0x00000000e6780000,0x00000000e6780000,0x00000000e7300000)
 ParOldGen       total 59904K, used 9418K [0x00000000a0000000, 0x00000000a3a80000, 0x00000000e0000000)
  object space 59904K, 15% used [0x00000000a0000000,0x00000000a09329e0,0x00000000a3a80000)
 Metaspace       used 34639K, capacity 35471K, committed 35496K, reserved 1079296K
  class space    used 4756K, capacity 4992K, committed 4992K, reserved 1048576K
Event: 5.604 GC heap after
Heap after GC invocations=10 (full 1):
 PSYoungGen      total 117760K, used 10294K [0x00000000e0000000, 0x00000000ea500000, 0x0000000100000000)
  eden space 105984K, 0% used [0x00000000e0000000,0x00000000e0000000,0x00000000e6780000)
  from space 11776K, 87% used [0x00000000e6780000,0x00000000e718d8c8,0x00000000e7300000)
  to   space 12288K, 0% used [0x00000000e9900000,0x00000000e9900000,0x00000000ea500000)
 ParOldGen       total 59904K, used 9426K [0x00000000a0000000, 0x00000000a3a80000, 0x00000000e0000000)
  object space 59904K, 15% used [0x00000000a0000000,0x00000000a09349e0,0x00000000a3a80000)
 Metaspace       used 34639K, capacity 35471K, committed 35496K, reserved 1079296K
  class space    used 4756K, capacity 4992K, committed 4992K, reserved 1048576K
}
Event: 5.604 GC heap before
{Heap before GC invocations=11 (full 2):
 PSYoungGen      total 117760K, used 10294K [0x00000000e0000000, 0x00000000ea500000, 0x0000000100000000)
  eden space 105984K, 0% used [0x00000000e0000000,0x00000000e0000000,0x00000000e6780000)
  from space 11776K, 87% used [0x00000000e6780000,0x00000000e718d8c8,0x00000000e7300000)
  to   space 12288K, 0% used [0x00000000e9900000,0x00000000e9900000,0x00000000ea500000)
 ParOldGen       total 59904K, used 9426K [0x00000000a0000000, 0x00000000a3a80000, 0x00000000e0000000)
  object space 59904K, 15% used [0x00000000a0000000,0x00000000a09349e0,0x00000000a3a80000)
 Metaspace       used 34639K, capacity 35471K, committed 35496K, reserved 1079296K
  class space    used 4756K, capacity 4992K, committed 4992K, reserved 1048576K
Event: 5.663 GC heap after
Heap after GC invocations=11 (full 2):
 PSYoungGen      total 117760K, used 0K [0x00000000e0000000, 0x00000000ea500000, 0x0000000100000000)
  eden space 105984K, 0% used [0x00000000e0000000,0x00000000e0000000,0x00000000e6780000)
  from space 11776K, 0% used [0x00000000e6780000,0x00000000e6780000,0x00000000e7300000)
  to   space 12288K, 0% used [0x00000000e9900000,0x00000000e9900000,0x00000000ea500000)
 ParOldGen       total 59904K, used 17108K [0x00000000a0000000, 0x00000000a3a80000, 0x00000000e0000000)
  object space 59904K, 28% used [0x00000000a0000000,0x00000000a10b5238,0x00000000a3a80000)
 Metaspace       used 34633K, capacity 35453K, committed 35496K, reserved 1079296K
  class space    used 4754K, capacity 4989K, committed 4992K, reserved 1048576K
}

