# JRE version: OpenJDK Runtime Environment (8.0_212-b04) (build 1.8.0_212-release-1586-b04)
# Java VM: OpenJDK 64-Bit Server VM (25.212-b04 mixed mode windows-amd64 compressed oops)
Heap:
 PSYoungGen      total 207872K, used 26057K [0x00000000e0000000, 0x00000000ee600000, 0x0000000100000000)
  eden space 189440K, 13% used [0x00000000e0000000,0x00000000e19725e0,0x00000000eb900000)
  from space 18432K, 0% used [0x00000000eb900000,0x00000000eb900000,0x00000000ecb00000)
  to   space 19456K, 0% used [0x00000000ed300000,0x00000000ed300000,0x00000000ee600000)
 ParOldGen       total 123904K, used 27439K [0x00000000a0000000, 0x00000000a7900000, 0x00000000e0000000)
  object space 123904K, 22% used [0x00000000a0000000,0x00000000a1acbdb8,0x00000000a7900000)
 Metaspace       used 58088K, capacity 59852K, committed 60888K, reserved 1103872K
  class space    used 7983K, capacity 8389K, committed 8664K, reserved 1048576K
GC Heap History (10 events):
Event: 37.266 GC heap before
{Heap before GC invocations=17 (full 4):
 PSYoungGen      total 207872K, used 1746K [0x00000000e0000000, 0x00000000eef00000, 0x0000000100000000)
  eden space 189440K, 0% used [0x00000000e0000000,0x00000000e0000000,0x00000000eb900000)
  from space 18432K, 9% used [0x00000000eb900000,0x00000000ebab4a68,0x00000000ecb00000)
  to   space 18944K, 0% used [0x00000000ecb00000,0x00000000ecb00000,0x00000000edd80000)
 ParOldGen       total 123904K, used 34211K [0x00000000a0000000, 0x00000000a7900000, 0x00000000e0000000)
  object space 123904K, 27% used [0x00000000a0000000,0x00000000a2168d18,0x00000000a7900000)
 Metaspace       used 58098K, capacity 60231K, committed 60376K, reserved 1105920K
  class space    used 8036K, capacity 8562K, committed 8664K, reserved 1048576K
Event: 37.365 GC heap after
Heap after GC invocations=17 (full 4):
 PSYoungGen      total 207872K, used 0K [0x00000000e0000000, 0x00000000eef00000, 0x0000000100000000)
  eden space 189440K, 0% used [0x00000000e0000000,0x00000000e0000000,0x00000000eb900000)
  from space 18432K, 0% used [0x00000000eb900000,0x00000000eb900000,0x00000000ecb00000)
  to   space 18944K, 0% used [0x00000000ecb00000,0x00000000ecb00000,0x00000000edd80000)
 ParOldGen       total 123904K, used 34908K [0x00000000a0000000, 0x00000000a7900000, 0x00000000e0000000)
  object space 123904K, 28% used [0x00000000a0000000,0x00000000a2217058,0x00000000a7900000)
 Metaspace       used 57967K, capacity 59874K, committed 60376K, reserved 1103872K
  class space    used 7992K, capacity 8485K, committed 8664K, reserved 1048576K
}
Event: 37.366 GC heap before
{Heap before GC invocations=18 (full 4):
 PSYoungGen      total 207872K, used 5473K [0x00000000e0000000, 0x00000000eef00000, 0x0000000100000000)
  eden space 189440K, 2% used [0x00000000e0000000,0x00000000e05585d0,0x00000000eb900000)
  from space 18432K, 0% used [0x00000000eb900000,0x00000000eb900000,0x00000000ecb00000)
  to   space 18944K, 0% used [0x00000000ecb00000,0x00000000ecb00000,0x00000000edd80000)
 ParOldGen       total 123904K, used 34908K [0x00000000a0000000, 0x00000000a7900000, 0x00000000e0000000)
  object space 123904K, 28% used [0x00000000a0000000,0x00000000a2217058,0x00000000a7900000)
 Metaspace       used 57968K, capacity 59874K, committed 60376K, reserved 1107968K
  class space    used 7992K, capacity 8485K, committed 8664K, reserved 1048576K
Event: 37.368 GC heap after
Heap after GC invocations=18 (full 4):
 PSYoungGen      total 208384K, used 96K [0x00000000e0000000, 0x00000000eef00000, 0x0000000100000000)
  eden space 189440K, 0% used [0x00000000e0000000,0x00000000e0000000,0x00000000eb900000)
  from space 18944K, 0% used [0x00000000ecb00000,0x00000000ecb18000,0x00000000edd80000)
  to   space 18432K, 0% used [0x00000000eb900000,0x00000000eb900000,0x00000000ecb00000)
 ParOldGen       total 123904K, used 34908K [0x00000000a0000000, 0x00000000a7900000, 0x00000000e0000000)
  object space 123904K, 28% used [0x00000000a0000000,0x00000000a2217058,0x00000000a7900000)
 Metaspace       used 57968K, capacity 59874K, committed 60376K, reserved 1107968K
  class space    used 7992K, capacity 8485K, committed 8664K, reserved 1048576K
}
Event: 37.368 GC heap before
{Heap before GC invocations=19 (full 5):
 PSYoungGen      total 208384K, used 96K [0x00000000e0000000, 0x00000000eef00000, 0x0000000100000000)
  eden space 189440K, 0% used [0x00000000e0000000,0x00000000e0000000,0x00000000eb900000)
  from space 18944K, 0% used [0x00000000ecb00000,0x00000000ecb18000,0x00000000edd80000)
  to   space 18432K, 0% used [0x00000000eb900000,0x00000000eb900000,0x00000000ecb00000)
 ParOldGen       total 123904K, used 34908K [0x00000000a0000000, 0x00000000a7900000, 0x00000000e0000000)
  object space 123904K, 28% used [0x00000000a0000000,0x00000000a2217058,0x00000000a7900000)
 Metaspace       used 57968K, capacity 59874K, committed 60376K, reserved 1107968K
  class space    used 7992K, capacity 8485K, committed 8664K, reserved 1048576K
Event: 37.433 GC heap after
Heap after GC invocations=19 (full 5):
 PSYoungGen      total 208384K, used 0K [0x00000000e0000000, 0x00000000eef00000, 0x0000000100000000)
  eden space 189440K, 0% used [0x00000000e0000000,0x00000000e0000000,0x00000000eb900000)
  from space 18944K, 0% used [0x00000000ecb00000,0x00000000ecb00000,0x00000000edd80000)
  to   space 18432K, 0% used [0x00000000eb900000,0x00000000eb900000,0x00000000ecb00000)
 ParOldGen       total 123904K, used 34535K [0x00000000a0000000, 0x00000000a7900000, 0x00000000e0000000)
  object space 123904K, 27% used [0x00000000a0000000,0x00000000a21b9ea8,0x00000000a7900000)
 Metaspace       used 57968K, capacity 59874K, committed 60376K, reserved 1103872K
  class space    used 7992K, capacity 8485K, committed 8664K, reserved 1048576K
}
Event: 37.433 GC heap before
{Heap before GC invocations=20 (full 5):
 PSYoungGen      total 208384K, used 0K [0x00000000e0000000, 0x00000000eef00000, 0x0000000100000000)
  eden space 189440K, 0% used [0x00000000e0000000,0x00000000e0000000,0x00000000eb900000)
  from space 18944K, 0% used [0x00000000ecb00000,0x00000000ecb00000,0x00000000edd80000)
  to   space 18432K, 0% used [0x00000000eb900000,0x00000000eb900000,0x00000000ecb00000)
 ParOldGen       total 123904K, used 34535K [0x00000000a0000000, 0x00000000a7900000, 0x00000000e0000000)
  object space 123904K, 27% used [0x00000000a0000000,0x00000000a21b9ea8,0x00000000a7900000)
 Metaspace       used 57968K, capacity 59874K, committed 60376K, reserved 1107968K
  class space    used 7992K, capacity 8485K, committed 8664K, reserved 1048576K
Event: 37.435 GC heap after
Heap after GC invocations=20 (full 5):
 PSYoungGen      total 207872K, used 0K [0x00000000e0000000, 0x00000000ee600000, 0x0000000100000000)
  eden space 189440K, 0% used [0x00000000e0000000,0x00000000e0000000,0x00000000eb900000)
  from space 18432K, 0% used [0x00000000eb900000,0x00000000eb900000,0x00000000ecb00000)
  to   space 19456K, 0% used [0x00000000ed300000,0x00000000ed300000,0x00000000ee600000)
 ParOldGen       total 123904K, used 34535K [0x00000000a0000000, 0x00000000a7900000, 0x00000000e0000000)
  object space 123904K, 27% used [0x00000000a0000000,0x00000000a21b9ea8,0x00000000a7900000)
 Metaspace       used 57968K, capacity 59874K, committed 60376K, reserved 1107968K
  class space    used 7992K, capacity 8485K, committed 8664K, reserved 1048576K
}
Event: 37.435 GC heap before
{Heap before GC invocations=21 (full 6):
 PSYoungGen      total 207872K, used 0K [0x00000000e0000000, 0x00000000ee600000, 0x0000000100000000)
  eden space 189440K, 0% used [0x00000000e0000000,0x00000000e0000000,0x00000000eb900000)
  from space 18432K, 0% used [0x00000000eb900000,0x00000000eb900000,0x00000000ecb00000)
  to   space 19456K, 0% used [0x00000000ed300000,0x00000000ed300000,0x00000000ee600000)
 ParOldGen       total 123904K, used 34535K [0x00000000a0000000, 0x00000000a7900000, 0x00000000e0000000)
  object space 123904K, 27% used [0x00000000a0000000,0x00000000a21b9ea8,0x00000000a7900000)
 Metaspace       used 57968K, capacity 59874K, committed 60376K, reserved 1107968K
  class space    used 7992K, capacity 8485K, committed 8664K, reserved 1048576K
Event: 37.649 GC heap after
Heap after GC invocations=21 (full 6):
 PSYoungGen      total 207872K, used 0K [0x00000000e0000000, 0x00000000ee600000, 0x0000000100000000)
  eden space 189440K, 0% used [0x00000000e0000000,0x00000000e0000000,0x00000000eb900000)
  from space 18432K, 0% used [0x00000000eb900000,0x00000000eb900000,0x00000000ecb00000)
  to   space 19456K, 0% used [0x00000000ed300000,0x00000000ed300000,0x00000000ee600000)
 ParOldGen       total 123904K, used 27439K [0x00000000a0000000, 0x00000000a7900000, 0x00000000e0000000)
  object space 123904K, 22% used [0x00000000a0000000,0x00000000a1acbdb8,0x00000000a7900000)
 Metaspace       used 57632K, capacity 59288K, committed 60376K, reserved 1103872K
  class space    used 7921K, capacity 8355K, committed 8664K, reserved 1048576K
}

